# JRE version: OpenJDK Runtime Environment Corretto-17.0.10.7.1 (17.0.10+7) (build 17.0.10+7-LTS)
# Java VM: OpenJDK 64-Bit Server VM Corretto-17.0.10.7.1 (17.0.10+7-LTS, mixed mode, sharing, tiered, compressed oops, compressed class ptrs, g1 gc, windows-amd64)
GC Precious Log:
 CPUs: 8 total, 8 available
 Memory: 7997M
 Large Page Support: Disabled
 NUMA Support: Disabled
 Compressed Oops: Enabled (32-bit)
 Heap Region Size: 1M
 Heap Min Capacity: 256M
 Heap Initial Capacity: 256M
 Heap Max Capacity: 512M
 Pre-touch: Disabled
 Parallel Workers: 8
 Concurrent Workers: 2
 Concurrent Refinement Workers: 8
 Periodic GC: Disabled
Heap:
 garbage-first heap   total 293888K, used 227459K [0x00000000e0000000, 0x0000000100000000)
  region size 1024K, 14 young (14336K), 5 survivors (5120K)
 Metaspace       used 104407K, committed 105344K, reserved 458752K
  class space    used 13454K, committed 13888K, reserved 327680K
GC Heap History (20 events):
Event: 5765.254 GC heap before
{Heap before GC invocations=62 (full 0):
 garbage-first heap   total 293888K, used 237111K [0x00000000e0000000, 0x0000000100000000)
  region size 1024K, 86 young (88064K), 8 survivors (8192K)
 Metaspace       used 97464K, committed 98304K, reserved 458752K
  class space    used 12580K, committed 12992K, reserved 327680K
}
Event: 5765.271 GC heap after
{Heap after GC invocations=63 (full 0):
 garbage-first heap   total 293888K, used 165488K [0x00000000e0000000, 0x0000000100000000)
  region size 1024K, 11 young (11264K), 11 survivors (11264K)
 Metaspace       used 97464K, committed 98304K, reserved 458752K
  class space    used 12580K, committed 12992K, reserved 327680K
}
Event: 5765.860 GC heap before
{Heap before GC invocations=63 (full 0):
 garbage-first heap   total 293888K, used 242288K [0x00000000e0000000, 0x0000000100000000)
  region size 1024K, 84 young (86016K), 11 survivors (11264K)
 Metaspace       used 97591K, committed 98432K, reserved 458752K
  class space    used 12589K, committed 12992K, reserved 327680K
}
Event: 5765.881 GC heap after
{Heap after GC invocations=64 (full 0):
 garbage-first heap   total 293888K, used 174358K [0x00000000e0000000, 0x0000000100000000)
  region size 1024K, 10 young (10240K), 10 survivors (10240K)
 Metaspace       used 97591K, committed 98432K, reserved 458752K
  class space    used 12589K, committed 12992K, reserved 327680K
}
Event: 5766.826 GC heap before
{Heap before GC invocations=64 (full 0):
 garbage-first heap   total 293888K, used 238870K [0x00000000e0000000, 0x0000000100000000)
  region size 1024K, 74 young (75776K), 10 survivors (10240K)
 Metaspace       used 98696K, committed 99584K, reserved 458752K
  class space    used 12726K, committed 13120K, reserved 327680K
}
Event: 5766.842 GC heap after
{Heap after GC invocations=65 (full 0):
 garbage-first heap   total 293888K, used 184320K [0x00000000e0000000, 0x0000000100000000)
  region size 1024K, 10 young (10240K), 10 survivors (10240K)
 Metaspace       used 98696K, committed 99584K, reserved 458752K
  class space    used 12726K, committed 13120K, reserved 327680K
}
Event: 5767.601 GC heap before
{Heap before GC invocations=65 (full 0):
 garbage-first heap   total 293888K, used 240640K [0x00000000e0000000, 0x0000000100000000)
  region size 1024K, 65 young (66560K), 10 survivors (10240K)
 Metaspace       used 102402K, committed 103296K, reserved 458752K
  class space    used 13259K, committed 13696K, reserved 327680K
}
Event: 5767.615 GC heap after
{Heap after GC invocations=66 (full 0):
 garbage-first heap   total 293888K, used 189198K [0x00000000e0000000, 0x0000000100000000)
  region size 1024K, 4 young (4096K), 4 survivors (4096K)
 Metaspace       used 102402K, committed 103296K, reserved 458752K
  class space    used 13259K, committed 13696K, reserved 327680K
}
Event: 5768.120 GC heap before
{Heap before GC invocations=66 (full 0):
 garbage-first heap   total 293888K, used 244494K [0x00000000e0000000, 0x0000000100000000)
  region size 1024K, 58 young (59392K), 4 survivors (4096K)
 Metaspace       used 103512K, committed 104384K, reserved 458752K
  class space    used 13350K, committed 13760K, reserved 327680K
}
Event: 5768.126 GC heap after
{Heap after GC invocations=67 (full 0):
 garbage-first heap   total 293888K, used 190334K [0x00000000e0000000, 0x0000000100000000)
  region size 1024K, 6 young (6144K), 6 survivors (6144K)
 Metaspace       used 103512K, committed 104384K, reserved 458752K
  class space    used 13350K, committed 13760K, reserved 327680K
}
Event: 6117.840 GC heap before
{Heap before GC invocations=67 (full 0):
 garbage-first heap   total 293888K, used 244606K [0x00000000e0000000, 0x0000000100000000)
  region size 1024K, 60 young (61440K), 6 survivors (6144K)
 Metaspace       used 103583K, committed 104576K, reserved 458752K
  class space    used 13351K, committed 13824K, reserved 327680K
}
Event: 6117.851 GC heap after
{Heap after GC invocations=68 (full 0):
 garbage-first heap   total 293888K, used 194249K [0x00000000e0000000, 0x0000000100000000)
  region size 1024K, 6 young (6144K), 6 survivors (6144K)
 Metaspace       used 103583K, committed 104576K, reserved 458752K
  class space    used 13351K, committed 13824K, reserved 327680K
}
Event: 6118.185 GC heap before
{Heap before GC invocations=68 (full 0):
 garbage-first heap   total 293888K, used 247497K [0x00000000e0000000, 0x0000000100000000)
  region size 1024K, 59 young (60416K), 6 survivors (6144K)
 Metaspace       used 103585K, committed 104576K, reserved 458752K
  class space    used 13351K, committed 13824K, reserved 327680K
}
Event: 6118.199 GC heap after
{Heap after GC invocations=69 (full 0):
 garbage-first heap   total 293888K, used 200400K [0x00000000e0000000, 0x0000000100000000)
  region size 1024K, 8 young (8192K), 8 survivors (8192K)
 Metaspace       used 103585K, committed 104576K, reserved 458752K
  class space    used 13351K, committed 13824K, reserved 327680K
}
Event: 6118.435 GC heap before
{Heap before GC invocations=69 (full 0):
 garbage-first heap   total 293888K, used 248528K [0x00000000e0000000, 0x0000000100000000)
  region size 1024K, 55 young (56320K), 8 survivors (8192K)
 Metaspace       used 103585K, committed 104576K, reserved 458752K
  class space    used 13351K, committed 13824K, reserved 327680K
}
Event: 6118.445 GC heap after
{Heap after GC invocations=70 (full 0):
 garbage-first heap   total 293888K, used 203293K [0x00000000e0000000, 0x0000000100000000)
  region size 1024K, 4 young (4096K), 4 survivors (4096K)
 Metaspace       used 103585K, committed 104576K, reserved 458752K
  class space    used 13351K, committed 13824K, reserved 327680K
}
Event: 6118.799 GC heap before
{Heap before GC invocations=70 (full 0):
 garbage-first heap   total 293888K, used 252445K [0x00000000e0000000, 0x0000000100000000)
  region size 1024K, 50 young (51200K), 4 survivors (4096K)
 Metaspace       used 103692K, committed 104704K, reserved 458752K
  class space    used 13361K, committed 13824K, reserved 327680K
}
Event: 6118.807 GC heap after
{Heap after GC invocations=71 (full 0):
 garbage-first heap   total 293888K, used 214169K [0x00000000e0000000, 0x0000000100000000)
  region size 1024K, 7 young (7168K), 7 survivors (7168K)
 Metaspace       used 103692K, committed 104704K, reserved 458752K
  class space    used 13361K, committed 13824K, reserved 327680K
}
Event: 6119.113 GC heap before
{Heap before GC invocations=71 (full 0):
 garbage-first heap   total 293888K, used 245913K [0x00000000e0000000, 0x0000000100000000)
  region size 1024K, 39 young (39936K), 7 survivors (7168K)
 Metaspace       used 104097K, committed 105024K, reserved 458752K
  class space    used 13406K, committed 13824K, reserved 327680K
}
Event: 6119.141 GC heap after
{Heap after GC invocations=72 (full 0):
 garbage-first heap   total 293888K, used 220291K [0x00000000e0000000, 0x0000000100000000)
  region size 1024K, 5 young (5120K), 5 survivors (5120K)
 Metaspace       used 104097K, committed 105024K, reserved 458752K
  class space    used 13406K, committed 13824K, reserved 327680K
}

